<?xml version="1.0" encoding="UTF-8"?>
<!-- Generated by org.testng.reporters.JUnitXMLReporter -->
<testsuite ignored="0" hostname="LAPTOP-IV65E6IF" failures="0" tests="3" name="Test" time="50.392" errors="0" timestamp="2023-01-12T12:16:00 IST">
  <testcase classname="testngImplementation.CreateContactTest" name="creatContact" time="10.11"/>
  <testcase classname="testngImplementation.CreateOrganizationTest" name="creatOrganizationTest" time="8.723"/>
  <testcase classname="testngImplementation.CreateDuplicateLeadTest" name="duplicateLead" time="12.386"/>
</testsuite> <!-- Test -->
