<?xml version="1.0" encoding="UTF-8"?>
<testng-results ignored="0" total="3" passed="3" failed="0" skipped="0">
  <reporter-output>
  </reporter-output>
  <suite started-at="2023-01-12T12:15:10 IST" name="Suite" finished-at="2023-01-12T12:16:00 IST" duration-ms="50392">
    <groups>
    </groups>
    <test started-at="2023-01-12T12:15:10 IST" name="Test" finished-at="2023-01-12T12:16:00 IST" duration-ms="50392">
      <class name="testngImplementation.CreateOrganizationTest">
        <test-method is-config="true" signature="classSetUp()[pri:0, instance:testngImplementation.CreateOrganizationTest@245b4bdc]" started-at="2023-01-12T12:15:28 IST" name="classSetUp" finished-at="2023-01-12T12:15:30 IST" duration-ms="2190" status="PASS">
          <reporter-output>
          </reporter-output>
        </test-method> <!-- classSetUp -->
        <test-method is-config="true" signature="methodSetup()[pri:0, instance:testngImplementation.CreateOrganizationTest@245b4bdc]" started-at="2023-01-12T12:15:30 IST" name="methodSetup" finished-at="2023-01-12T12:15:32 IST" duration-ms="2255" status="PASS">
          <reporter-output>
          </reporter-output>
        </test-method> <!-- methodSetup -->
        <test-method signature="creatOrganizationTest()[pri:0, instance:testngImplementation.CreateOrganizationTest@245b4bdc]" started-at="2023-01-12T12:15:32 IST" name="creatOrganizationTest" finished-at="2023-01-12T12:15:41 IST" duration-ms="8723" status="PASS">
          <reporter-output>
          </reporter-output>
        </test-method> <!-- creatOrganizationTest -->
        <test-method is-config="true" signature="methodtearDown()[pri:0, instance:testngImplementation.CreateOrganizationTest@245b4bdc]" started-at="2023-01-12T12:15:41 IST" name="methodtearDown" finished-at="2023-01-12T12:15:42 IST" duration-ms="1227" status="PASS">
          <reporter-output>
          </reporter-output>
        </test-method> <!-- methodtearDown -->
        <test-method is-config="true" signature="classTearDown()[pri:0, instance:testngImplementation.CreateOrganizationTest@245b4bdc]" started-at="2023-01-12T12:15:42 IST" name="classTearDown" finished-at="2023-01-12T12:15:42 IST" duration-ms="207" status="PASS">
          <reporter-output>
          </reporter-output>
        </test-method> <!-- classTearDown -->
      </class> <!-- testngImplementation.CreateOrganizationTest -->
      <class name="testngImplementation.CreateDuplicateLeadTest">
        <test-method is-config="true" signature="classSetUp()[pri:0, instance:testngImplementation.CreateDuplicateLeadTest@6c64cb25]" started-at="2023-01-12T12:15:42 IST" name="classSetUp" finished-at="2023-01-12T12:15:44 IST" duration-ms="2168" status="PASS">
          <reporter-output>
          </reporter-output>
        </test-method> <!-- classSetUp -->
        <test-method is-config="true" signature="methodSetup()[pri:0, instance:testngImplementation.CreateDuplicateLeadTest@6c64cb25]" started-at="2023-01-12T12:15:44 IST" name="methodSetup" finished-at="2023-01-12T12:15:47 IST" duration-ms="2105" status="PASS">
          <reporter-output>
          </reporter-output>
        </test-method> <!-- methodSetup -->
        <test-method signature="duplicateLead()[pri:0, instance:testngImplementation.CreateDuplicateLeadTest@6c64cb25]" started-at="2023-01-12T12:15:47 IST" name="duplicateLead" finished-at="2023-01-12T12:15:59 IST" duration-ms="12386" status="PASS">
          <reporter-output>
          </reporter-output>
        </test-method> <!-- duplicateLead -->
        <test-method is-config="true" signature="methodtearDown()[pri:0, instance:testngImplementation.CreateDuplicateLeadTest@6c64cb25]" started-at="2023-01-12T12:15:59 IST" name="methodtearDown" finished-at="2023-01-12T12:16:00 IST" duration-ms="1083" status="PASS">
          <reporter-output>
          </reporter-output>
        </test-method> <!-- methodtearDown -->
        <test-method is-config="true" signature="classTearDown()[pri:0, instance:testngImplementation.CreateDuplicateLeadTest@6c64cb25]" started-at="2023-01-12T12:16:00 IST" name="classTearDown" finished-at="2023-01-12T12:16:00 IST" duration-ms="170" status="PASS">
          <reporter-output>
          </reporter-output>
        </test-method> <!-- classTearDown -->
      </class> <!-- testngImplementation.CreateDuplicateLeadTest -->
      <class name="testngImplementation.CreateContactTest">
        <test-method is-config="true" signature="classSetUp()[pri:0, instance:testngImplementation.CreateContactTest@5b239d7d]" started-at="2023-01-12T12:15:10 IST" name="classSetUp" finished-at="2023-01-12T12:15:14 IST" duration-ms="4044" status="PASS">
          <reporter-output>
          </reporter-output>
        </test-method> <!-- classSetUp -->
        <test-method is-config="true" signature="methodSetup()[pri:0, instance:testngImplementation.CreateContactTest@5b239d7d]" started-at="2023-01-12T12:15:14 IST" name="methodSetup" finished-at="2023-01-12T12:15:16 IST" duration-ms="2014" status="PASS">
          <reporter-output>
          </reporter-output>
        </test-method> <!-- methodSetup -->
        <test-method signature="creatContact()[pri:0, instance:testngImplementation.CreateContactTest@5b239d7d]" started-at="2023-01-12T12:15:16 IST" name="creatContact" finished-at="2023-01-12T12:15:26 IST" duration-ms="10110" status="PASS">
          <reporter-output>
          </reporter-output>
        </test-method> <!-- creatContact -->
        <test-method is-config="true" signature="methodtearDown()[pri:0, instance:testngImplementation.CreateContactTest@5b239d7d]" started-at="2023-01-12T12:15:26 IST" name="methodtearDown" finished-at="2023-01-12T12:15:28 IST" duration-ms="1167" status="PASS">
          <reporter-output>
          </reporter-output>
        </test-method> <!-- methodtearDown -->
        <test-method is-config="true" signature="classTearDown()[pri:0, instance:testngImplementation.CreateContactTest@5b239d7d]" started-at="2023-01-12T12:15:28 IST" name="classTearDown" finished-at="2023-01-12T12:15:28 IST" duration-ms="168" status="PASS">
          <reporter-output>
          </reporter-output>
        </test-method> <!-- classTearDown -->
      </class> <!-- testngImplementation.CreateContactTest -->
    </test> <!-- Test -->
  </suite> <!-- Suite -->
</testng-results>
